20-Dec-2022 13:49:50 INFO - HV000001: Hibernate Validator 6.2.0.Final
20-Dec-2022 13:49:51 INFO - Devtools property defaults active! Set 'spring.devtools.add-properties' to 'false' to disable
20-Dec-2022 13:49:51 INFO - For additional web related logging consider setting the 'logging.level.web' property to 'DEBUG'
20-Dec-2022 13:49:53 INFO - Bootstrapping Spring Data JPA repositories in DEFAULT mode.
20-Dec-2022 13:49:53 INFO - Finished Spring Data repository scanning in 10 ms. Found 0 JPA repository interfaces.
20-Dec-2022 13:49:54 INFO - Tomcat initialized with port(s): 1119 (http)
20-Dec-2022 13:49:54 INFO - Initializing ProtocolHandler ["http-nio-1119"]
20-Dec-2022 13:49:54 INFO - Starting service [Tomcat]
20-Dec-2022 13:49:54 INFO - Starting Servlet engine: [Apache Tomcat/9.0.56]
20-Dec-2022 13:49:55 INFO - Initializing Spring embedded WebApplicationContext
20-Dec-2022 13:49:55 INFO - Root WebApplicationContext: initialization completed in 3819 ms
20-Dec-2022 13:49:55 INFO - HikariPool-1 - Starting...
20-Dec-2022 13:49:56 INFO - HikariPool-1 - Start completed.
20-Dec-2022 13:49:56 INFO - HHH000204: Processing PersistenceUnitInfo [name: default]
20-Dec-2022 13:49:56 INFO - HHH000412: Hibernate ORM core version 5.6.3.Final
20-Dec-2022 13:49:57 INFO - HCANN000001: Hibernate Commons Annotations {5.1.2.Final}
20-Dec-2022 13:49:57 INFO - HHH000400: Using dialect: org.hibernate.dialect.MySQL8Dialect
20-Dec-2022 13:49:57 INFO - HHH000490: Using JtaPlatform implementation: [org.hibernate.engine.transaction.jta.platform.internal.NoJtaPlatform]
20-Dec-2022 13:49:57 INFO - Initialized JPA EntityManagerFactory for persistence unit 'default'
20-Dec-2022 13:49:57 WARN - spring.jpa.open-in-view is enabled by default. Therefore, database queries may be performed during view rendering. Explicitly configure spring.jpa.open-in-view to disable this warning
20-Dec-2022 13:49:58 INFO - LiveReload server is running on port 35729
20-Dec-2022 13:49:58 INFO - Starting ProtocolHandler ["http-nio-1119"]
20-Dec-2022 13:49:58 INFO - Tomcat started on port(s): 1119 (http) with context path ''
